Build started 9/30/2014 9:24:49 PM.
     1>Project "C:\Users\Ryan\Desktop\CS425_svn\CS425\A_star\CS425App.vcxproj" on node 2 (Build target(s)).
     1>ClCompile:
         C:\Program Files (x86)\Microsoft Visual Studio 11.0\VC\bin\CL.exe /c /I"C:\OgreSDK_vc11_v1-9-0\OgreSDK_vc11_v1-9-0\include\OGRE\Overlay" /I"C:\OgreSDK_vc11_v1-9-0\OgreSDK_vc11_v1-9-0\boost" /I"C:\OgreSDK_vc11_v1-9-0\OgreSDK_vc11_v1-9-0\Samples\Common\include" /I"C:\OgreSDK_vc11_v1-9-0\OgreSDK_vc11_v1-9-0\include\OGRE" /I"C:\OgreSDK_vc11_v1-9-0\OgreSDK_vc11_v1-9-0\include\OIS" /I"C:\OgreSDK_vc11_v1-9-0\OgreSDK_vc11_v1-9-0\include" /ZI /nologo /W3 /WX- /Od /Oy- /D WIN32 /D _DEBUG /D _CONSOLE /D _MBCS /Gm /EHsc /RTC1 /MDd /GS /fp:precise /Zc:wchar_t /Zc:forScope /Fo"Debug\\" /Fd"Debug\vc110.pdb" /Gd /TP /analyze- /errorReport:prompt GameApplication.cpp Grid.cpp main.cpp
         main.cpp
         Grid.cpp
     1>c:\users\ryan\desktop\cs425_svn\cs425\a_star\gameapplication.h(12): error C2143: syntax error : missing ';' before '*'
     1>c:\users\ryan\desktop\cs425_svn\cs425\a_star\gameapplication.h(12): error C4430: missing type specifier - int assumed. Note: C++ does not support default-int
     1>c:\users\ryan\desktop\cs425_svn\cs425\a_star\gameapplication.h(23): error C2061: syntax error : identifier 'Grid'
         GameApplication.cpp
     1>c:\users\ryan\desktop\cs425_svn\cs425\a_star\gameapplication.cpp(315): warning C4018: '<' : signed/unsigned mismatch
         Generating Code...
     1>Done Building Project "C:\Users\Ryan\Desktop\CS425_svn\CS425\A_star\CS425App.vcxproj" (Build target(s)) -- FAILED.

Build FAILED.

Time Elapsed 00:00:47.25
